#
# There is insufficient memory for the Java Runtime Environment to continue.
# Native memory allocation (mmap) failed to map 123731968 bytes for G1 virtual space
# Possible reasons:
#   The system is out of physical RAM or swap space
#   The process is running with CompressedOops enabled, and the Java Heap may be blocking the growth of the native heap
# Possible solutions:
#   Reduce memory load on the system
#   Increase physical memory or swap space
#   Check if swap backing store is full
#   Decrease Java heap size (-Xmx/-Xms)
#   Decrease number of Java threads
#   Decrease Java thread stack sizes (-Xss)
#   Set larger code cache with -XX:ReservedCodeCacheSize=
#   JVM is running with Unscaled Compressed Oops mode in which the Java heap is
#     placed in the first 4GB address space. The Java Heap base address is the
#     maximum limit for the native heap growth. Please use -XX:HeapBaseMinAddress
#     to set the Java Heap base and to place the Java Heap above 4GB virtual address.
# This output file may be truncated or incomplete.
#
#  Out of Memory Error (os_windows.cpp:3617), pid=3268, tid=25204
#
# JRE version:  (17.0.8.1+1) (build )
# Java VM: OpenJDK 64-Bit Server VM (17.0.8.1+1, mixed mode, sharing, tiered, compressed oops, compressed class ptrs, g1 gc, windows-amd64)
# No core dump will be written. Minidumps are not enabled by default on client versions of Windows
#

---------------  S U M M A R Y ------------

Command Line: -Dfile.encoding=UTF-8 -Dstdout.encoding=UTF-8 -Dstderr.encoding=UTF-8 -XX:+ShowCodeDetailsInExceptionMessages bank.management.system.SignupOne

Host: AMD Ryzen 5 7530U with Radeon Graphics         , 12 cores, 7G,  Windows 11 , 64 bit Build 22621 (10.0.22621.3085)
Time: Wed Feb 14 17:23:28 2024 India Standard Time elapsed time: 0.007584 seconds (0d 0h 0m 0s)

---------------  T H R E A D  ---------------

Current thread (0x000001dee0897780):  JavaThread "Unknown thread" [_thread_in_vm, id=25204, stack(0x0000005f66800000,0x0000005f66900000)]

Stack: [0x0000005f66800000,0x0000005f66900000]
Native frames: (J=compiled Java code, j=interpreted, Vv=VM code, C=native code)
V  [jvm.dll+0x678b0a]
V  [jvm.dll+0x835e84]
V  [jvm.dll+0x83762e]
V  [jvm.dll+0x837c93]
V  [jvm.dll+0x24746f]
V  [jvm.dll+0x675859]
V  [jvm.dll+0x66a0ea]
V  [jvm.dll+0x306c7b]
V  [jvm.dll+0x30e166]
V  [jvm.dll+0x35dd3e]
V  [jvm.dll+0x35df6f]
V  [jvm.dll+0x2ddb48]
V  [jvm.dll+0x2deab4]
V  [jvm.dll+0x807f31]
V  [jvm.dll+0x36bb21]
V  [jvm.dll+0x7e733c]
V  [jvm.dll+0x3ee4af]
V  [jvm.dll+0x3f00c1]
C  [jli.dll+0x528b]
C  [ucrtbase.dll+0x29363]
C  [KERNEL32.DLL+0x1257d]
C  [ntdll.dll+0x5aa58]


---------------  P R O C E S S  ---------------

Threads class SMR info:
_java_thread_list=0x00007ff9d9d5a018, length=0, elements={
}

Java Threads: ( => current thread )

Other Threads:
  0x000001dee08f1bc0 GCTaskThread "GC Thread#0" [stack: 0x0000005f66900000,0x0000005f66a00000] [id=25196]
  0x000001dee091f370 ConcurrentGCThread "G1 Main Marker" [stack: 0x0000005f66a00000,0x0000005f66b00000] [id=25200]
  0x000001dee091fd80 ConcurrentGCThread "G1 Conc#0" [stack: 0x0000005f66b00000,0x0000005f66c00000] [id=25212]

[error occurred during error reporting (printing all threads), id 0xc0000005, EXCEPTION_ACCESS_VIOLATION (0xc0000005) at pc=0x00007ff9d952e587]

VM state: not at safepoint (not fully initialized)

VM Mutex/Monitor currently owned by a thread:  ([mutex/lock_event])
[0x000001dee06ea3a0] Heap_lock - owner thread: 0x000001dee0897780

Heap address: 0x000000008a400000, size: 1884 MB, Compressed Oops mode: 32-bit

CDS archive(s) mapped at: [0x0000000000000000-0x0000000000000000-0x0000000000000000), size 0, SharedBaseAddress: 0x0000000800000000, ArchiveRelocationMode: 1.
Narrow klass base: 0x0000000000000000, Narrow klass shift: 0, Narrow klass range: 0x0

GC Precious Log:
<Empty>

Heap:
 garbage-first heap   total 0K, used 0K [0x000000008a400000, 0x0000000100000000)
  region size 1024K, 0 young (0K), 0 survivors (0K)

[error occurred during error reporting (printing heap information), id 0xc0000005, EXCEPTION_ACCESS_VIOLATION (0xc0000005) at pc=0x00007ff9d9912699]

GC Heap History (0 events):
No events

Dll operation events (1 events):
Event: 0.005 Loaded shared library C:\Users\VIKAS\.p2\pool\plugins\org.eclipse.justj.openjdk.hotspot.jre.full.win32.x86_64_17.0.8.v20230831-1047\jre\bin\java.dll

Deoptimization events (0 events):
No events

Classes unloaded (0 events):
No events

Classes redefined (0 events):
No events

Internal exceptions (0 events):
No events

VM Operations (0 events):
No events

Events (0 events):
No events


Dynamic libraries:
0x00007ff7365b0000 - 0x00007ff7365be000 	C:\Users\VIKAS\.p2\pool\plugins\org.eclipse.justj.openjdk.hotspot.jre.full.win32.x86_64_17.0.8.v20230831-1047\jre\bin\javaw.exe
0x00007ffa6ed10000 - 0x00007ffa6ef27000 	C:\Windows\SYSTEM32\ntdll.dll
0x00007ffa6da70000 - 0x00007ffa6db34000 	C:\Windows\System32\KERNEL32.DLL
0x00007ffa6c560000 - 0x00007ffa6c906000 	C:\Windows\System32\KERNELBASE.dll
0x00007ffa6c120000 - 0x00007ffa6c231000 	C:\Windows\System32\ucrtbase.dll
0x00007ffa57990000 - 0x00007ffa579a7000 	C:\Users\VIKAS\.p2\pool\plugins\org.eclipse.justj.openjdk.hotspot.jre.full.win32.x86_64_17.0.8.v20230831-1047\jre\bin\jli.dll
0x00007ffa5ae80000 - 0x00007ffa5ae99000 	C:\Users\VIKAS\.p2\pool\plugins\org.eclipse.justj.openjdk.hotspot.jre.full.win32.x86_64_17.0.8.v20230831-1047\jre\bin\VCRUNTIME140.dll
0x00007ffa6ea50000 - 0x00007ffa6ebfe000 	C:\Windows\System32\USER32.dll
0x00007ffa6c910000 - 0x00007ffa6c936000 	C:\Windows\System32\win32u.dll
0x00007ffa55960000 - 0x00007ffa55bf3000 	C:\Windows\WinSxS\amd64_microsoft.windows.common-controls_6595b64144ccf1df_6.0.22621.2506_none_270c5ae97388e100\COMCTL32.dll
0x00007ffa6d850000 - 0x00007ffa6d879000 	C:\Windows\System32\GDI32.dll
0x00007ffa6d9c0000 - 0x00007ffa6da67000 	C:\Windows\System32\msvcrt.dll
0x00007ffa6c940000 - 0x00007ffa6ca58000 	C:\Windows\System32\gdi32full.dll
0x00007ffa6c080000 - 0x00007ffa6c11a000 	C:\Windows\System32\msvcp_win.dll
0x00007ffa6ea10000 - 0x00007ffa6ea41000 	C:\Windows\System32\IMM32.DLL
0x00007ffa5b980000 - 0x00007ffa5b98c000 	C:\Users\VIKAS\.p2\pool\plugins\org.eclipse.justj.openjdk.hotspot.jre.full.win32.x86_64_17.0.8.v20230831-1047\jre\bin\vcruntime140_1.dll
0x00007ffa57010000 - 0x00007ffa570a1000 	C:\Users\VIKAS\.p2\pool\plugins\org.eclipse.justj.openjdk.hotspot.jre.full.win32.x86_64_17.0.8.v20230831-1047\jre\bin\msvcp140.dll
0x00007ff9d9240000 - 0x00007ff9d9e8c000 	C:\Users\VIKAS\.p2\pool\plugins\org.eclipse.justj.openjdk.hotspot.jre.full.win32.x86_64_17.0.8.v20230831-1047\jre\bin\server\jvm.dll
0x00007ffa6d900000 - 0x00007ffa6d9b3000 	C:\Windows\System32\ADVAPI32.dll
0x00007ffa6ec20000 - 0x00007ffa6ecc8000 	C:\Windows\System32\sechost.dll
0x00007ffa6c050000 - 0x00007ffa6c078000 	C:\Windows\System32\bcrypt.dll
0x00007ffa6cfe0000 - 0x00007ffa6d0f7000 	C:\Windows\System32\RPCRT4.dll
0x00007ffa68dd0000 - 0x00007ffa68dd9000 	C:\Windows\SYSTEM32\WSOCK32.dll
0x00007ffa63f60000 - 0x00007ffa63f94000 	C:\Windows\SYSTEM32\WINMM.dll
0x00007ffa6aee0000 - 0x00007ffa6af2d000 	C:\Windows\SYSTEM32\POWRPROF.dll
0x00007ffa6d880000 - 0x00007ffa6d8f1000 	C:\Windows\System32\WS2_32.dll
0x00007ffa61480000 - 0x00007ffa6148a000 	C:\Windows\SYSTEM32\VERSION.dll
0x00007ffa6aec0000 - 0x00007ffa6aed3000 	C:\Windows\SYSTEM32\UMPDC.dll
0x00007ffa6b180000 - 0x00007ffa6b198000 	C:\Windows\SYSTEM32\kernel.appcore.dll
0x00007ffa68db0000 - 0x00007ffa68dba000 	C:\Users\VIKAS\.p2\pool\plugins\org.eclipse.justj.openjdk.hotspot.jre.full.win32.x86_64_17.0.8.v20230831-1047\jre\bin\jimage.dll
0x00007ffa69220000 - 0x00007ffa69453000 	C:\Windows\SYSTEM32\DBGHELP.DLL
0x00007ffa6d150000 - 0x00007ffa6d4d9000 	C:\Windows\System32\combase.dll
0x00007ffa6d670000 - 0x00007ffa6d747000 	C:\Windows\System32\OLEAUT32.dll
0x00007ffa59120000 - 0x00007ffa59152000 	C:\Windows\SYSTEM32\dbgcore.DLL
0x00007ffa6c240000 - 0x00007ffa6c2ba000 	C:\Windows\System32\bcryptPrimitives.dll
0x00007ffa5c6e0000 - 0x00007ffa5c705000 	C:\Users\VIKAS\.p2\pool\plugins\org.eclipse.justj.openjdk.hotspot.jre.full.win32.x86_64_17.0.8.v20230831-1047\jre\bin\java.dll

dbghelp: loaded successfully - version: 4.0.5 - missing functions: none
symbol engine: initialized successfully - sym options: 0x614 - pdb path: .;C:\Users\VIKAS\.p2\pool\plugins\org.eclipse.justj.openjdk.hotspot.jre.full.win32.x86_64_17.0.8.v20230831-1047\jre\bin;C:\Windows\SYSTEM32;C:\Windows\WinSxS\amd64_microsoft.windows.common-controls_6595b64144ccf1df_6.0.22621.2506_none_270c5ae97388e100;C:\Users\VIKAS\.p2\pool\plugins\org.eclipse.justj.openjdk.hotspot.jre.full.win32.x86_64_17.0.8.v20230831-1047\jre\bin\server

VM Arguments:
jvm_args: -Dfile.encoding=UTF-8 -Dstdout.encoding=UTF-8 -Dstderr.encoding=UTF-8 -XX:+ShowCodeDetailsInExceptionMessages 
java_command: bank.management.system.SignupOne
java_class_path (initial): C:\Users\VIKAS\OneDrive\Desktop\Bank Simulator System Workspace\BankSimulatorSystem\bin;C:\Users\VIKAS\Downloads\jcalendar-tz-1.3.3-4.jar
Launcher Type: SUN_STANDARD

[Global flags]
     intx CICompilerCount                          = 4                                         {product} {ergonomic}
     uint ConcGCThreads                            = 3                                         {product} {ergonomic}
     uint G1ConcRefinementThreads                  = 10                                        {product} {ergonomic}
   size_t G1HeapRegionSize                         = 1048576                                   {product} {ergonomic}
    uintx GCDrainStackTargetSize                   = 64                                        {product} {ergonomic}
   size_t InitialHeapSize                          = 123731968                                 {product} {ergonomic}
   size_t MarkStackSize                            = 4194304                                   {product} {ergonomic}
   size_t MaxHeapSize                              = 1975517184                                {product} {ergonomic}
   size_t MinHeapDeltaBytes                        = 1048576                                   {product} {ergonomic}
   size_t MinHeapSize                              = 8388608                                   {product} {ergonomic}
    uintx NonNMethodCodeHeapSize                   = 5839372                                {pd product} {ergonomic}
    uintx NonProfiledCodeHeapSize                  = 122909434                              {pd product} {ergonomic}
    uintx ProfiledCodeHeapSize                     = 122909434                              {pd product} {ergonomic}
    uintx ReservedCodeCacheSize                    = 251658240                              {pd product} {ergonomic}
     bool SegmentedCodeCache                       = true                                      {product} {ergonomic}
     bool ShowCodeDetailsInExceptionMessages       = true                                   {manageable} {command line}
   size_t SoftMaxHeapSize                          = 1975517184                             {manageable} {ergonomic}
     bool UseCompressedClassPointers               = true                           {product lp64_product} {ergonomic}
     bool UseCompressedOops                        = true                           {product lp64_product} {ergonomic}
     bool UseG1GC                                  = true                                      {product} {ergonomic}
     bool UseLargePagesIndividualAllocation        = false                                  {pd product} {ergonomic}

Logging:
Log output configuration:
 #0: stdout all=warning uptime,level,tags
 #1: stderr all=off uptime,level,tags

Environment Variables:
PATH=C:/Users/VIKAS/.p2/pool/plugins/org.eclipse.justj.openjdk.hotspot.jre.full.win32.x86_64_17.0.8.v20230831-1047/jre/bin/server;C:/Users/VIKAS/.p2/pool/plugins/org.eclipse.justj.openjdk.hotspot.jre.full.win32.x86_64_17.0.8.v20230831-1047/jre/bin;C:\Program Files\Common Files\Oracle\Java\javapath;C:\Program Files (x86)\Common Files\Oracle\Java\javapath;C:\Windows\system32;C:\Windows;C:\Windows\System32\Wbem;C:\Windows\System32\WindowsPowerShell\v1.0\;C:\Windows\System32\OpenSSH\;C:\Program Files\Java\jdk1.8.0_202\bin;C:\Program Files\Amazon\AWSCLIV2\;C:\Program Files\Git\cmd;C:\Program Files\MySQL\MySQL Shell 8.0\bin\;C:\Users\VIKAS\AppData\Local\Microsoft\WindowsApps;;C:\Program Files\JetBrains\IntelliJ IDEA Community Edition 2023.2.5\bin;;C:\Users\VIKAS\OneDrive\Desktop;
USERNAME=VIKAS
OS=Windows_NT
PROCESSOR_IDENTIFIER=AMD64 Family 25 Model 80 Stepping 0, AuthenticAMD
TMP=C:\Users\VIKAS\AppData\Local\Temp
TEMP=C:\Users\VIKAS\AppData\Local\Temp



---------------  S Y S T E M  ---------------

OS:
 Windows 11 , 64 bit Build 22621 (10.0.22621.3085)
OS uptime: 0 days 7:19 hours

CPU: total 12 (initial active 12) (12 cores per cpu, 2 threads per core) family 25 model 80 stepping 0 microcode 0x0, cx8, cmov, fxsr, ht, mmx, 3dnowpref, sse, sse2, sse3, ssse3, sse4a, sse4.1, sse4.2, popcnt, lzcnt, tsc, tscinvbit, avx, avx2, aes, erms, clmul, bmi1, bmi2, adx, sha, fma, vzeroupper, clflush, clflushopt
Processor Information for all 12 processors :
  Max Mhz: 2000, Current Mhz: 2000, Mhz Limit: 2000

Memory: 4k page, system-wide physical 7532M (302M free)
TotalPageFile size 28409M (AvailPageFile size 64M)
current process WorkingSet (physical memory assigned to process): 11M, peak: 11M
current process commit charge ("private bytes"): 64M, peak: 182M

vm_info: OpenJDK 64-Bit Server VM (17.0.8.1+1) for windows-amd64 JRE (17.0.8.1+1), built on Aug 23 2023 15:29:17 by "admin" with MS VC++ 16.7 (VS2019)

END.
