#
# There is insufficient memory for the Java Runtime Environment to continue.
# Native memory allocation (mmap) failed to map 65536 bytes for Failed to commit metaspace.
# Possible reasons:
#   The system is out of physical RAM or swap space
#   The process is running with CompressedOops enabled, and the Java Heap may be blocking the growth of the native heap
# Possible solutions:
#   Reduce memory load on the system
#   Increase physical memory or swap space
#   Check if swap backing store is full
#   Decrease Java heap size (-Xmx/-Xms)
#   Decrease number of Java threads
#   Decrease Java thread stack sizes (-Xss)
#   Set larger code cache with -XX:ReservedCodeCacheSize=
#   JVM is running with Unscaled Compressed Oops mode in which the Java heap is
#     placed in the first 4GB address space. The Java Heap base address is the
#     maximum limit for the native heap growth. Please use -XX:HeapBaseMinAddress
#     to set the Java Heap base and to place the Java Heap above 4GB virtual address.
# This output file may be truncated or incomplete.
#
#  Out of Memory Error (virtualSpaceNode.cpp:110), pid=27448, tid=15940
#
# JRE version: OpenJDK Runtime Environment Temurin-17.0.8.1+1 (17.0.8.1+1) (build 17.0.8.1+1)
# Java VM: OpenJDK 64-Bit Server VM Temurin-17.0.8.1+1 (17.0.8.1+1, mixed mode, tiered, compressed oops, compressed class ptrs, g1 gc, windows-amd64)
# No core dump will be written. Minidumps are not enabled by default on client versions of Windows
#

---------------  S U M M A R Y ------------

Command Line: -Dfile.encoding=UTF-8 -Dstdout.encoding=UTF-8 -Dstderr.encoding=UTF-8 -XX:+ShowCodeDetailsInExceptionMessages bank.management.system.Deposit

Host: AMD Ryzen 5 7530U with Radeon Graphics         , 12 cores, 7G,  Windows 11 , 64 bit Build 22621 (10.0.22621.3085)
Time: Sun Feb 25 15:58:56 2024 India Standard Time elapsed time: 0.197181 seconds (0d 0h 0m 0s)

---------------  T H R E A D  ---------------

Current thread (0x000001839760af60):  JavaThread "main" [_thread_in_vm, id=15940, stack(0x00000024c1400000,0x00000024c1500000)]

Stack: [0x00000024c1400000,0x00000024c1500000]
Native frames: (J=compiled Java code, j=interpreted, Vv=VM code, C=native code)
V  [jvm.dll+0x678b0a]
V  [jvm.dll+0x835e84]
V  [jvm.dll+0x83762e]
V  [jvm.dll+0x837c93]
V  [jvm.dll+0x24746f]
V  [jvm.dll+0x831f1b]
V  [jvm.dll+0x61d3c6]
V  [jvm.dll+0x61d42a]
V  [jvm.dll+0x61fc5a]
V  [jvm.dll+0x61dd66]
V  [jvm.dll+0x244dbc]
V  [jvm.dll+0x6cf82d]
V  [jvm.dll+0x6d025f]
V  [jvm.dll+0x3729d3]
V  [jvm.dll+0x372846]
V  [jvm.dll+0x371a74]
V  [jvm.dll+0x371a18]
V  [jvm.dll+0x38193a]
C  0x00000183a39eb5a5

Java frames: (J=compiled Java code, j=interpreted, Vv=VM code)
j  javax.swing.plaf.basic.BasicLookAndFeel.initComponentDefaults(Ljavax/swing/UIDefaults;)V+623 java.desktop@17.0.8.1
j  javax.swing.plaf.metal.MetalLookAndFeel.initComponentDefaults(Ljavax/swing/UIDefaults;)V+2 java.desktop@17.0.8.1
j  javax.swing.plaf.basic.BasicLookAndFeel.getDefaults()Ljavax/swing/UIDefaults;+25 java.desktop@17.0.8.1
j  javax.swing.plaf.metal.MetalLookAndFeel.getDefaults()Ljavax/swing/UIDefaults;+9 java.desktop@17.0.8.1
j  javax.swing.UIManager.setLookAndFeel(Ljavax/swing/LookAndFeel;)V+66 java.desktop@17.0.8.1
j  javax.swing.UIManager.setLookAndFeel(Ljava/lang/String;)V+16 java.desktop@17.0.8.1
j  javax.swing.UIManager.initializeDefaultLAF(Ljava/util/Properties;)V+58 java.desktop@17.0.8.1
j  javax.swing.UIManager.initialize()V+9 java.desktop@17.0.8.1
j  javax.swing.UIManager.maybeInitialize()V+22 java.desktop@17.0.8.1
j  javax.swing.UIManager.getUI(Ljavax/swing/JComponent;)Ljavax/swing/plaf/ComponentUI;+0 java.desktop@17.0.8.1
j  javax.swing.JPanel.updateUI()V+2 java.desktop@17.0.8.1
j  javax.swing.JPanel.<init>(Ljava/awt/LayoutManager;Z)V+24 java.desktop@17.0.8.1
j  javax.swing.JPanel.<init>(Z)V+9 java.desktop@17.0.8.1
j  javax.swing.JPanel.<init>()V+2 java.desktop@17.0.8.1
j  javax.swing.JRootPane.createGlassPane()Ljava/awt/Component;+4 java.desktop@17.0.8.1
j  javax.swing.JRootPane.<init>()V+11 java.desktop@17.0.8.1
j  javax.swing.JFrame.createRootPane()Ljavax/swing/JRootPane;+4 java.desktop@17.0.8.1
j  javax.swing.JFrame.frameInit()V+16 java.desktop@17.0.8.1
j  javax.swing.JFrame.<init>()V+20 java.desktop@17.0.8.1
j  bank.management.system.Deposit.<init>()V+1
j  bank.management.system.Deposit.main([Ljava/lang/String;)V+3
v  ~StubRoutines::call_stub

---------------  P R O C E S S  ---------------

Threads class SMR info:
_java_thread_list=0x00000183b80628c0, length=15, elements={
0x000001839760af60, 0x00000183b3463020, 0x00000183b3463bb0, 0x00000183b3440320,
0x00000183b3440bf0, 0x00000183b34414c0, 0x00000183b3441d90, 0x00000183b3446420,
0x00000183b3494aa0, 0x00000183b34953b0, 0x00000183b360e360, 0x00000183b3618c80,
0x00000183b80bef00, 0x00000183b80ca390, 0x00000183b80c6ad0
}

Java Threads: ( => current thread )
=>0x000001839760af60 JavaThread "main" [_thread_in_vm, id=15940, stack(0x00000024c1400000,0x00000024c1500000)]
  0x00000183b3463020 JavaThread "Reference Handler" daemon [_thread_blocked, id=18576, stack(0x00000024c1b00000,0x00000024c1c00000)]
  0x00000183b3463bb0 JavaThread "Finalizer" daemon [_thread_blocked, id=13372, stack(0x00000024c1c00000,0x00000024c1d00000)]
  0x00000183b3440320 JavaThread "Signal Dispatcher" daemon [_thread_blocked, id=29868, stack(0x00000024c1d00000,0x00000024c1e00000)]
  0x00000183b3440bf0 JavaThread "Attach Listener" daemon [_thread_blocked, id=3144, stack(0x00000024c1e00000,0x00000024c1f00000)]
  0x00000183b34414c0 JavaThread "Service Thread" daemon [_thread_blocked, id=13420, stack(0x00000024c1f00000,0x00000024c2000000)]
  0x00000183b3441d90 JavaThread "Monitor Deflation Thread" daemon [_thread_blocked, id=5916, stack(0x00000024c2000000,0x00000024c2100000)]
  0x00000183b3446420 JavaThread "C2 CompilerThread0" daemon [_thread_blocked, id=23948, stack(0x00000024c2100000,0x00000024c2200000)]
  0x00000183b3494aa0 JavaThread "C1 CompilerThread0" daemon [_thread_blocked, id=18988, stack(0x00000024c2200000,0x00000024c2300000)]
  0x00000183b34953b0 JavaThread "Sweeper thread" daemon [_thread_blocked, id=28088, stack(0x00000024c2300000,0x00000024c2400000)]
  0x00000183b360e360 JavaThread "Notification Thread" daemon [_thread_blocked, id=11532, stack(0x00000024c2400000,0x00000024c2500000)]
  0x00000183b3618c80 JavaThread "Common-Cleaner" daemon [_thread_blocked, id=26148, stack(0x00000024c2600000,0x00000024c2700000)]
  0x00000183b80bef00 JavaThread "Java2D Disposer" daemon [_thread_blocked, id=24376, stack(0x00000024c2700000,0x00000024c2800000)]
  0x00000183b80ca390 JavaThread "AWT-Shutdown" [_thread_blocked, id=30548, stack(0x00000024c2800000,0x00000024c2900000)]
  0x00000183b80c6ad0 JavaThread "AWT-Windows" daemon [_thread_in_native, id=29200, stack(0x00000024c2900000,0x00000024c2a00000)]

Other Threads:
  0x00000183b342e5d0 VMThread "VM Thread" [stack: 0x00000024c1a00000,0x00000024c1b00000] [id=28540]
  0x00000183b33bb580 WatcherThread [stack: 0x00000024c2500000,0x00000024c2600000] [id=25372]
  0x0000018397664820 GCTaskThread "GC Thread#0" [stack: 0x00000024c1500000,0x00000024c1600000] [id=22636]
  0x00000183976759c0 ConcurrentGCThread "G1 Main Marker" [stack: 0x00000024c1600000,0x00000024c1700000] [id=21592]
  0x00000183976762e0 ConcurrentGCThread "G1 Conc#0" [stack: 0x00000024c1700000,0x00000024c1800000] [id=8924]
  0x00000183976bdb30 ConcurrentGCThread "G1 Refine#0" [stack: 0x00000024c1800000,0x00000024c1900000] [id=24224]
  0x00000183976be470 ConcurrentGCThread "G1 Service" [stack: 0x00000024c1900000,0x00000024c1a00000] [id=8432]

Threads with active compile tasks:

VM state: not at safepoint (normal execution)

VM Mutex/Monitor currently owned by a thread:  ([mutex/lock_event])
[0x0000018397604fe0] Metaspace_lock - owner thread: 0x000001839760af60

Heap address: 0x000000008a400000, size: 1884 MB, Compressed Oops mode: 32-bit

CDS archive(s) not mapped
Compressed class space mapped at: 0x0000000100000000-0x0000000140000000, reserved size: 1073741824
Narrow klass base: 0x0000000000000000, Narrow klass shift: 3, Narrow klass range: 0x140000000

GC Precious Log:
 CPUs: 12 total, 12 available
 Memory: 7532M
 Large Page Support: Disabled
 NUMA Support: Disabled
 Compressed Oops: Enabled (32-bit)
 Heap Region Size: 1M
 Heap Min Capacity: 8M
 Heap Initial Capacity: 118M
 Heap Max Capacity: 1884M
 Pre-touch: Disabled
 Parallel Workers: 10
 Concurrent Workers: 3
 Concurrent Refinement Workers: 10
 Periodic GC: Disabled

Heap:
 garbage-first heap   total 120832K, used 3072K [0x000000008a400000, 0x0000000100000000)
  region size 1024K, 4 young (4096K), 0 survivors (0K)
 Metaspace       used 9849K, committed 9984K, reserved 1114112K
  class space    used 888K, committed 960K, reserved 1048576K

Heap Regions: E=young(eden), S=young(survivor), O=old, HS=humongous(starts), HC=humongous(continues), CS=collection set, F=free, OA=open archive, CA=closed archive, TAMS=top-at-mark-start (previous, next)
|   0|0x000000008a400000, 0x000000008a400000, 0x000000008a500000|  0%| F|  |TAMS 0x000000008a400000, 0x000000008a400000| Untracked 
|   1|0x000000008a500000, 0x000000008a500000, 0x000000008a600000|  0%| F|  |TAMS 0x000000008a500000, 0x000000008a500000| Untracked 
|   2|0x000000008a600000, 0x000000008a600000, 0x000000008a700000|  0%| F|  |TAMS 0x000000008a600000, 0x000000008a600000| Untracked 
|   3|0x000000008a700000, 0x000000008a700000, 0x000000008a800000|  0%| F|  |TAMS 0x000000008a700000, 0x000000008a700000| Untracked 
|   4|0x000000008a800000, 0x000000008a800000, 0x000000008a900000|  0%| F|  |TAMS 0x000000008a800000, 0x000000008a800000| Untracked 
|   5|0x000000008a900000, 0x000000008a900000, 0x000000008aa00000|  0%| F|  |TAMS 0x000000008a900000, 0x000000008a900000| Untracked 
|   6|0x000000008aa00000, 0x000000008aa00000, 0x000000008ab00000|  0%| F|  |TAMS 0x000000008aa00000, 0x000000008aa00000| Untracked 
|   7|0x000000008ab00000, 0x000000008ab00000, 0x000000008ac00000|  0%| F|  |TAMS 0x000000008ab00000, 0x000000008ab00000| Untracked 
|   8|0x000000008ac00000, 0x000000008ac00000, 0x000000008ad00000|  0%| F|  |TAMS 0x000000008ac00000, 0x000000008ac00000| Untracked 
|   9|0x000000008ad00000, 0x000000008ad00000, 0x000000008ae00000|  0%| F|  |TAMS 0x000000008ad00000, 0x000000008ad00000| Untracked 
|  10|0x000000008ae00000, 0x000000008ae00000, 0x000000008af00000|  0%| F|  |TAMS 0x000000008ae00000, 0x000000008ae00000| Untracked 
|  11|0x000000008af00000, 0x000000008af00000, 0x000000008b000000|  0%| F|  |TAMS 0x000000008af00000, 0x000000008af00000| Untracked 
|  12|0x000000008b000000, 0x000000008b000000, 0x000000008b100000|  0%| F|  |TAMS 0x000000008b000000, 0x000000008b000000| Untracked 
|  13|0x000000008b100000, 0x000000008b100000, 0x000000008b200000|  0%| F|  |TAMS 0x000000008b100000, 0x000000008b100000| Untracked 
|  14|0x000000008b200000, 0x000000008b200000, 0x000000008b300000|  0%| F|  |TAMS 0x000000008b200000, 0x000000008b200000| Untracked 
|  15|0x000000008b300000, 0x000000008b300000, 0x000000008b400000|  0%| F|  |TAMS 0x000000008b300000, 0x000000008b300000| Untracked 
|  16|0x000000008b400000, 0x000000008b400000, 0x000000008b500000|  0%| F|  |TAMS 0x000000008b400000, 0x000000008b400000| Untracked 
|  17|0x000000008b500000, 0x000000008b500000, 0x000000008b600000|  0%| F|  |TAMS 0x000000008b500000, 0x000000008b500000| Untracked 
|  18|0x000000008b600000, 0x000000008b600000, 0x000000008b700000|  0%| F|  |TAMS 0x000000008b600000, 0x000000008b600000| Untracked 
|  19|0x000000008b700000, 0x000000008b700000, 0x000000008b800000|  0%| F|  |TAMS 0x000000008b700000, 0x000000008b700000| Untracked 
|  20|0x000000008b800000, 0x000000008b800000, 0x000000008b900000|  0%| F|  |TAMS 0x000000008b800000, 0x000000008b800000| Untracked 
|  21|0x000000008b900000, 0x000000008b900000, 0x000000008ba00000|  0%| F|  |TAMS 0x000000008b900000, 0x000000008b900000| Untracked 
|  22|0x000000008ba00000, 0x000000008ba00000, 0x000000008bb00000|  0%| F|  |TAMS 0x000000008ba00000, 0x000000008ba00000| Untracked 
|  23|0x000000008bb00000, 0x000000008bb00000, 0x000000008bc00000|  0%| F|  |TAMS 0x000000008bb00000, 0x000000008bb00000| Untracked 
|  24|0x000000008bc00000, 0x000000008bc00000, 0x000000008bd00000|  0%| F|  |TAMS 0x000000008bc00000, 0x000000008bc00000| Untracked 
|  25|0x000000008bd00000, 0x000000008bd00000, 0x000000008be00000|  0%| F|  |TAMS 0x000000008bd00000, 0x000000008bd00000| Untracked 
|  26|0x000000008be00000, 0x000000008be00000, 0x000000008bf00000|  0%| F|  |TAMS 0x000000008be00000, 0x000000008be00000| Untracked 
|  27|0x000000008bf00000, 0x000000008bf00000, 0x000000008c000000|  0%| F|  |TAMS 0x000000008bf00000, 0x000000008bf00000| Untracked 
|  28|0x000000008c000000, 0x000000008c000000, 0x000000008c100000|  0%| F|  |TAMS 0x000000008c000000, 0x000000008c000000| Untracked 
|  29|0x000000008c100000, 0x000000008c100000, 0x000000008c200000|  0%| F|  |TAMS 0x000000008c100000, 0x000000008c100000| Untracked 
|  30|0x000000008c200000, 0x000000008c200000, 0x000000008c300000|  0%| F|  |TAMS 0x000000008c200000, 0x000000008c200000| Untracked 
|  31|0x000000008c300000, 0x000000008c300000, 0x000000008c400000|  0%| F|  |TAMS 0x000000008c300000, 0x000000008c300000| Untracked 
|  32|0x000000008c400000, 0x000000008c400000, 0x000000008c500000|  0%| F|  |TAMS 0x000000008c400000, 0x000000008c400000| Untracked 
|  33|0x000000008c500000, 0x000000008c500000, 0x000000008c600000|  0%| F|  |TAMS 0x000000008c500000, 0x000000008c500000| Untracked 
|  34|0x000000008c600000, 0x000000008c600000, 0x000000008c700000|  0%| F|  |TAMS 0x000000008c600000, 0x000000008c600000| Untracked 
|  35|0x000000008c700000, 0x000000008c700000, 0x000000008c800000|  0%| F|  |TAMS 0x000000008c700000, 0x000000008c700000| Untracked 
|  36|0x000000008c800000, 0x000000008c800000, 0x000000008c900000|  0%| F|  |TAMS 0x000000008c800000, 0x000000008c800000| Untracked 
|  37|0x000000008c900000, 0x000000008c900000, 0x000000008ca00000|  0%| F|  |TAMS 0x000000008c900000, 0x000000008c900000| Untracked 
|  38|0x000000008ca00000, 0x000000008ca00000, 0x000000008cb00000|  0%| F|  |TAMS 0x000000008ca00000, 0x000000008ca00000| Untracked 
|  39|0x000000008cb00000, 0x000000008cb00000, 0x000000008cc00000|  0%| F|  |TAMS 0x000000008cb00000, 0x000000008cb00000| Untracked 
|  40|0x000000008cc00000, 0x000000008cc00000, 0x000000008cd00000|  0%| F|  |TAMS 0x000000008cc00000, 0x000000008cc00000| Untracked 
|  41|0x000000008cd00000, 0x000000008cd00000, 0x000000008ce00000|  0%| F|  |TAMS 0x000000008cd00000, 0x000000008cd00000| Untracked 
|  42|0x000000008ce00000, 0x000000008ce00000, 0x000000008cf00000|  0%| F|  |TAMS 0x000000008ce00000, 0x000000008ce00000| Untracked 
|  43|0x000000008cf00000, 0x000000008cf00000, 0x000000008d000000|  0%| F|  |TAMS 0x000000008cf00000, 0x000000008cf00000| Untracked 
|  44|0x000000008d000000, 0x000000008d000000, 0x000000008d100000|  0%| F|  |TAMS 0x000000008d000000, 0x000000008d000000| Untracked 
|  45|0x000000008d100000, 0x000000008d100000, 0x000000008d200000|  0%| F|  |TAMS 0x000000008d100000, 0x000000008d100000| Untracked 
|  46|0x000000008d200000, 0x000000008d200000, 0x000000008d300000|  0%| F|  |TAMS 0x000000008d200000, 0x000000008d200000| Untracked 
|  47|0x000000008d300000, 0x000000008d300000, 0x000000008d400000|  0%| F|  |TAMS 0x000000008d300000, 0x000000008d300000| Untracked 
|  48|0x000000008d400000, 0x000000008d400000, 0x000000008d500000|  0%| F|  |TAMS 0x000000008d400000, 0x000000008d400000| Untracked 
|  49|0x000000008d500000, 0x000000008d500000, 0x000000008d600000|  0%| F|  |TAMS 0x000000008d500000, 0x000000008d500000| Untracked 
|  50|0x000000008d600000, 0x000000008d600000, 0x000000008d700000|  0%| F|  |TAMS 0x000000008d600000, 0x000000008d600000| Untracked 
|  51|0x000000008d700000, 0x000000008d700000, 0x000000008d800000|  0%| F|  |TAMS 0x000000008d700000, 0x000000008d700000| Untracked 
|  52|0x000000008d800000, 0x000000008d800000, 0x000000008d900000|  0%| F|  |TAMS 0x000000008d800000, 0x000000008d800000| Untracked 
|  53|0x000000008d900000, 0x000000008d900000, 0x000000008da00000|  0%| F|  |TAMS 0x000000008d900000, 0x000000008d900000| Untracked 
|  54|0x000000008da00000, 0x000000008da00000, 0x000000008db00000|  0%| F|  |TAMS 0x000000008da00000, 0x000000008da00000| Untracked 
|  55|0x000000008db00000, 0x000000008db00000, 0x000000008dc00000|  0%| F|  |TAMS 0x000000008db00000, 0x000000008db00000| Untracked 
|  56|0x000000008dc00000, 0x000000008dc00000, 0x000000008dd00000|  0%| F|  |TAMS 0x000000008dc00000, 0x000000008dc00000| Untracked 
|  57|0x000000008dd00000, 0x000000008dd00000, 0x000000008de00000|  0%| F|  |TAMS 0x000000008dd00000, 0x000000008dd00000| Untracked 
|  58|0x000000008de00000, 0x000000008de00000, 0x000000008df00000|  0%| F|  |TAMS 0x000000008de00000, 0x000000008de00000| Untracked 
|  59|0x000000008df00000, 0x000000008df00000, 0x000000008e000000|  0%| F|  |TAMS 0x000000008df00000, 0x000000008df00000| Untracked 
|  60|0x000000008e000000, 0x000000008e000000, 0x000000008e100000|  0%| F|  |TAMS 0x000000008e000000, 0x000000008e000000| Untracked 
|  61|0x000000008e100000, 0x000000008e100000, 0x000000008e200000|  0%| F|  |TAMS 0x000000008e100000, 0x000000008e100000| Untracked 
|  62|0x000000008e200000, 0x000000008e200000, 0x000000008e300000|  0%| F|  |TAMS 0x000000008e200000, 0x000000008e200000| Untracked 
|  63|0x000000008e300000, 0x000000008e300000, 0x000000008e400000|  0%| F|  |TAMS 0x000000008e300000, 0x000000008e300000| Untracked 
|  64|0x000000008e400000, 0x000000008e400000, 0x000000008e500000|  0%| F|  |TAMS 0x000000008e400000, 0x000000008e400000| Untracked 
|  65|0x000000008e500000, 0x000000008e500000, 0x000000008e600000|  0%| F|  |TAMS 0x000000008e500000, 0x000000008e500000| Untracked 
|  66|0x000000008e600000, 0x000000008e600000, 0x000000008e700000|  0%| F|  |TAMS 0x000000008e600000, 0x000000008e600000| Untracked 
|  67|0x000000008e700000, 0x000000008e700000, 0x000000008e800000|  0%| F|  |TAMS 0x000000008e700000, 0x000000008e700000| Untracked 
|  68|0x000000008e800000, 0x000000008e800000, 0x000000008e900000|  0%| F|  |TAMS 0x000000008e800000, 0x000000008e800000| Untracked 
|  69|0x000000008e900000, 0x000000008e900000, 0x000000008ea00000|  0%| F|  |TAMS 0x000000008e900000, 0x000000008e900000| Untracked 
|  70|0x000000008ea00000, 0x000000008ea00000, 0x000000008eb00000|  0%| F|  |TAMS 0x000000008ea00000, 0x000000008ea00000| Untracked 
|  71|0x000000008eb00000, 0x000000008eb00000, 0x000000008ec00000|  0%| F|  |TAMS 0x000000008eb00000, 0x000000008eb00000| Untracked 
|  72|0x000000008ec00000, 0x000000008ec00000, 0x000000008ed00000|  0%| F|  |TAMS 0x000000008ec00000, 0x000000008ec00000| Untracked 
|  73|0x000000008ed00000, 0x000000008ed00000, 0x000000008ee00000|  0%| F|  |TAMS 0x000000008ed00000, 0x000000008ed00000| Untracked 
|  74|0x000000008ee00000, 0x000000008ee00000, 0x000000008ef00000|  0%| F|  |TAMS 0x000000008ee00000, 0x000000008ee00000| Untracked 
|  75|0x000000008ef00000, 0x000000008ef00000, 0x000000008f000000|  0%| F|  |TAMS 0x000000008ef00000, 0x000000008ef00000| Untracked 
|  76|0x000000008f000000, 0x000000008f000000, 0x000000008f100000|  0%| F|  |TAMS 0x000000008f000000, 0x000000008f000000| Untracked 
|  77|0x000000008f100000, 0x000000008f100000, 0x000000008f200000|  0%| F|  |TAMS 0x000000008f100000, 0x000000008f100000| Untracked 
|  78|0x000000008f200000, 0x000000008f200000, 0x000000008f300000|  0%| F|  |TAMS 0x000000008f200000, 0x000000008f200000| Untracked 
|  79|0x000000008f300000, 0x000000008f300000, 0x000000008f400000|  0%| F|  |TAMS 0x000000008f300000, 0x000000008f300000| Untracked 
|  80|0x000000008f400000, 0x000000008f400000, 0x000000008f500000|  0%| F|  |TAMS 0x000000008f400000, 0x000000008f400000| Untracked 
|  81|0x000000008f500000, 0x000000008f500000, 0x000000008f600000|  0%| F|  |TAMS 0x000000008f500000, 0x000000008f500000| Untracked 
|  82|0x000000008f600000, 0x000000008f600000, 0x000000008f700000|  0%| F|  |TAMS 0x000000008f600000, 0x000000008f600000| Untracked 
|  83|0x000000008f700000, 0x000000008f700000, 0x000000008f800000|  0%| F|  |TAMS 0x000000008f700000, 0x000000008f700000| Untracked 
|  84|0x000000008f800000, 0x000000008f800000, 0x000000008f900000|  0%| F|  |TAMS 0x000000008f800000, 0x000000008f800000| Untracked 
|  85|0x000000008f900000, 0x000000008f900000, 0x000000008fa00000|  0%| F|  |TAMS 0x000000008f900000, 0x000000008f900000| Untracked 
|  86|0x000000008fa00000, 0x000000008fa00000, 0x000000008fb00000|  0%| F|  |TAMS 0x000000008fa00000, 0x000000008fa00000| Untracked 
|  87|0x000000008fb00000, 0x000000008fb00000, 0x000000008fc00000|  0%| F|  |TAMS 0x000000008fb00000, 0x000000008fb00000| Untracked 
|  88|0x000000008fc00000, 0x000000008fc00000, 0x000000008fd00000|  0%| F|  |TAMS 0x000000008fc00000, 0x000000008fc00000| Untracked 
|  89|0x000000008fd00000, 0x000000008fd00000, 0x000000008fe00000|  0%| F|  |TAMS 0x000000008fd00000, 0x000000008fd00000| Untracked 
|  90|0x000000008fe00000, 0x000000008fe00000, 0x000000008ff00000|  0%| F|  |TAMS 0x000000008fe00000, 0x000000008fe00000| Untracked 
|  91|0x000000008ff00000, 0x000000008ff00000, 0x0000000090000000|  0%| F|  |TAMS 0x000000008ff00000, 0x000000008ff00000| Untracked 
|  92|0x0000000090000000, 0x0000000090000000, 0x0000000090100000|  0%| F|  |TAMS 0x0000000090000000, 0x0000000090000000| Untracked 
|  93|0x0000000090100000, 0x0000000090100000, 0x0000000090200000|  0%| F|  |TAMS 0x0000000090100000, 0x0000000090100000| Untracked 
|  94|0x0000000090200000, 0x0000000090200000, 0x0000000090300000|  0%| F|  |TAMS 0x0000000090200000, 0x0000000090200000| Untracked 
|  95|0x0000000090300000, 0x0000000090300000, 0x0000000090400000|  0%| F|  |TAMS 0x0000000090300000, 0x0000000090300000| Untracked 
|  96|0x0000000090400000, 0x0000000090400000, 0x0000000090500000|  0%| F|  |TAMS 0x0000000090400000, 0x0000000090400000| Untracked 
|  97|0x0000000090500000, 0x0000000090500000, 0x0000000090600000|  0%| F|  |TAMS 0x0000000090500000, 0x0000000090500000| Untracked 
|  98|0x0000000090600000, 0x0000000090600000, 0x0000000090700000|  0%| F|  |TAMS 0x0000000090600000, 0x0000000090600000| Untracked 
|  99|0x0000000090700000, 0x0000000090700000, 0x0000000090800000|  0%| F|  |TAMS 0x0000000090700000, 0x0000000090700000| Untracked 
| 100|0x0000000090800000, 0x0000000090800000, 0x0000000090900000|  0%| F|  |TAMS 0x0000000090800000, 0x0000000090800000| Untracked 
| 101|0x0000000090900000, 0x0000000090900000, 0x0000000090a00000|  0%| F|  |TAMS 0x0000000090900000, 0x0000000090900000| Untracked 
| 102|0x0000000090a00000, 0x0000000090a00000, 0x0000000090b00000|  0%| F|  |TAMS 0x0000000090a00000, 0x0000000090a00000| Untracked 
| 103|0x0000000090b00000, 0x0000000090b00000, 0x0000000090c00000|  0%| F|  |TAMS 0x0000000090b00000, 0x0000000090b00000| Untracked 
| 104|0x0000000090c00000, 0x0000000090c00000, 0x0000000090d00000|  0%| F|  |TAMS 0x0000000090c00000, 0x0000000090c00000| Untracked 
| 105|0x0000000090d00000, 0x0000000090d00000, 0x0000000090e00000|  0%| F|  |TAMS 0x0000000090d00000, 0x0000000090d00000| Untracked 
| 106|0x0000000090e00000, 0x0000000090e00000, 0x0000000090f00000|  0%| F|  |TAMS 0x0000000090e00000, 0x0000000090e00000| Untracked 
| 107|0x0000000090f00000, 0x0000000090f00000, 0x0000000091000000|  0%| F|  |TAMS 0x0000000090f00000, 0x0000000090f00000| Untracked 
| 108|0x0000000091000000, 0x0000000091000000, 0x0000000091100000|  0%| F|  |TAMS 0x0000000091000000, 0x0000000091000000| Untracked 
| 109|0x0000000091100000, 0x0000000091100000, 0x0000000091200000|  0%| F|  |TAMS 0x0000000091100000, 0x0000000091100000| Untracked 
| 110|0x0000000091200000, 0x0000000091200000, 0x0000000091300000|  0%| F|  |TAMS 0x0000000091200000, 0x0000000091200000| Untracked 
| 111|0x0000000091300000, 0x0000000091300000, 0x0000000091400000|  0%| F|  |TAMS 0x0000000091300000, 0x0000000091300000| Untracked 
| 112|0x0000000091400000, 0x0000000091400000, 0x0000000091500000|  0%| F|  |TAMS 0x0000000091400000, 0x0000000091400000| Untracked 
| 113|0x0000000091500000, 0x0000000091500000, 0x0000000091600000|  0%| F|  |TAMS 0x0000000091500000, 0x0000000091500000| Untracked 
| 114|0x0000000091600000, 0x00000000916764a0, 0x0000000091700000| 46%| E|  |TAMS 0x0000000091600000, 0x0000000091600000| Complete 
| 115|0x0000000091700000, 0x0000000091800000, 0x0000000091800000|100%| E|CS|TAMS 0x0000000091700000, 0x0000000091700000| Complete 
| 116|0x0000000091800000, 0x0000000091900000, 0x0000000091900000|100%| E|CS|TAMS 0x0000000091800000, 0x0000000091800000| Complete 
| 117|0x0000000091900000, 0x0000000091a00000, 0x0000000091a00000|100%| E|CS|TAMS 0x0000000091900000, 0x0000000091900000| Complete 

Card table byte_map: [0x00000183ac4e0000,0x00000183ac890000] _byte_map_base: 0x00000183ac08e000

Marking Bits (Prev, Next): (CMBitMap*) 0x0000018397664d50, (CMBitMap*) 0x0000018397664d90
 Prev Bits: [0x00000183acc40000, 0x00000183ae9b0000)
 Next Bits: [0x00000183ae9b0000, 0x00000183b0720000)

Polling page: 0x00000183976c0000

Metaspace:

Usage:
  Non-class:      8.75 MB used.
      Class:    888.27 KB used.
       Both:      9.62 MB used.

Virtual space:
  Non-class space:       64.00 MB reserved,       8.81 MB ( 14%) committed,  1 nodes.
      Class space:        1.00 GB reserved,     960.00 KB ( <1%) committed,  1 nodes.
             Both:        1.06 GB reserved,       9.75 MB ( <1%) committed. 

Chunk freelists:
   Non-Class:  6.98 MB
       Class:  15.09 MB
        Both:  22.06 MB

MaxMetaspaceSize: unlimited
CompressedClassSpaceSize: 1.00 GB
Initial GC threshold: 21.00 MB
Current GC threshold: 21.00 MB
CDS: off
MetaspaceReclaimPolicy: balanced
 - commit_granule_bytes: 65536.
 - commit_granule_words: 8192.
 - virtual_space_node_default_size: 8388608.
 - enlarge_chunks_in_place: 1.
 - new_chunks_are_fully_committed: 0.
 - uncommit_free_chunks: 1.
 - use_allocation_guard: 0.
 - handle_deallocations: 1.


Internal statistics:

num_allocs_failed_limit: 0.
num_arena_births: 84.
num_arena_deaths: 0.
num_vsnodes_births: 2.
num_vsnodes_deaths: 0.
num_space_committed: 156.
num_space_uncommitted: 0.
num_chunks_returned_to_freelist: 0.
num_chunks_taken_from_freelist: 132.
num_chunk_merges: 0.
num_chunk_splits: 67.
num_chunks_enlarged: 19.
num_inconsistent_stats: 0.

CodeHeap 'non-profiled nmethods': size=120000Kb used=109Kb max_used=109Kb free=119890Kb
 bounds [0x00000183a3f70000, 0x00000183a41e0000, 0x00000183ab4a0000]
CodeHeap 'profiled nmethods': size=120000Kb used=513Kb max_used=513Kb free=119486Kb
 bounds [0x000001839c4a0000, 0x000001839c710000, 0x00000183a39d0000]
CodeHeap 'non-nmethods': size=5760Kb used=1178Kb max_used=1191Kb free=4581Kb
 bounds [0x00000183a39d0000, 0x00000183a3c40000, 0x00000183a3f70000]
 total_blobs=849 nmethods=371 adapters=391
 compilation: enabled
              stopped_count=0, restarted_count=0
 full_count=0

Compilation events (20 events):
Event: 0.194 Thread 0x00000183b3494aa0  358       3       java.lang.invoke.InvokerBytecodeGenerator::getInternalName (103 bytes)
Event: 0.194 Thread 0x00000183b3494aa0 nmethod 358 0x000001839c51a690 code [0x000001839c51a8a0, 0x000001839c51adf8]
Event: 0.194 Thread 0x00000183b3494aa0  364       3       java.lang.invoke.InvokerBytecodeGenerator::emitLoadInsn (21 bytes)
Event: 0.194 Thread 0x00000183b3494aa0 nmethod 364 0x000001839c51af10 code [0x000001839c51b0c0, 0x000001839c51b318]
Event: 0.194 Thread 0x00000183b3494aa0  365       3       java.lang.invoke.InvokerBytecodeGenerator::loadInsnOpcode (98 bytes)
Event: 0.195 Thread 0x00000183b3494aa0 nmethod 365 0x000001839c51b490 code [0x000001839c51b700, 0x000001839c51c0f8]
Event: 0.195 Thread 0x00000183b3494aa0  361       3       sun.invoke.util.VerifyType::isNullConversion (157 bytes)
Event: 0.195 Thread 0x00000183b3494aa0 nmethod 361 0x000001839c51c410 code [0x000001839c51c740, 0x000001839c51dd28]
Event: 0.195 Thread 0x00000183b3494aa0  366       3       java.lang.invoke.InvokerBytecodeGenerator::emitPushArgument (150 bytes)
Event: 0.196 Thread 0x00000183b3494aa0 nmethod 366 0x000001839c51e210 code [0x000001839c51e4e0, 0x000001839c51f368]
Event: 0.196 Thread 0x00000183b3494aa0  369       3       java.lang.Object::equals (11 bytes)
Event: 0.196 Thread 0x00000183b3494aa0 nmethod 369 0x000001839c51f790 code [0x000001839c51f920, 0x000001839c51fa98]
Event: 0.196 Thread 0x00000183b3494aa0  368   !   3       java.lang.invoke.MemberName::clone (14 bytes)
Event: 0.196 Thread 0x00000183b3494aa0 nmethod 368 0x000001839c51fb10 code [0x000001839c51fce0, 0x000001839c520058]
Event: 0.196 Thread 0x00000183b3494aa0  370       3       java.lang.invoke.MethodHandles$Lookup::lookupClassOrNull (17 bytes)
Event: 0.196 Thread 0x00000183b3494aa0 nmethod 370 0x000001839c520210 code [0x000001839c5203a0, 0x000001839c520538]
Event: 0.196 Thread 0x00000183b3494aa0  371       1       java.lang.invoke.MethodHandles$Lookup::previousLookupClass (5 bytes)
Event: 0.196 Thread 0x00000183b3494aa0 nmethod 371 0x00000183a3f8af90 code [0x00000183a3f8b120, 0x00000183a3f8b1f8]
Event: 0.196 Thread 0x00000183b3494aa0  367       1       java.util.ArrayList::size (5 bytes)
Event: 0.196 Thread 0x00000183b3494aa0 nmethod 367 0x00000183a3f8b290 code [0x00000183a3f8b420, 0x00000183a3f8b4f8]

GC Heap History (0 events):
No events

Dll operation events (6 events):
Event: 0.004 Loaded shared library C:\Users\VIKAS\.p2\pool\plugins\org.eclipse.justj.openjdk.hotspot.jre.full.win32.x86_64_17.0.8.v20230831-1047\jre\bin\java.dll
Event: 0.071 Loaded shared library C:\Users\VIKAS\.p2\pool\plugins\org.eclipse.justj.openjdk.hotspot.jre.full.win32.x86_64_17.0.8.v20230831-1047\jre\bin\jimage.dll
Event: 0.078 Loaded shared library C:\Users\VIKAS\.p2\pool\plugins\org.eclipse.justj.openjdk.hotspot.jre.full.win32.x86_64_17.0.8.v20230831-1047\jre\bin\net.dll
Event: 0.079 Loaded shared library C:\Users\VIKAS\.p2\pool\plugins\org.eclipse.justj.openjdk.hotspot.jre.full.win32.x86_64_17.0.8.v20230831-1047\jre\bin\nio.dll
Event: 0.082 Loaded shared library C:\Users\VIKAS\.p2\pool\plugins\org.eclipse.justj.openjdk.hotspot.jre.full.win32.x86_64_17.0.8.v20230831-1047\jre\bin\zip.dll
Event: 0.104 Loaded shared library C:\Users\VIKAS\.p2\pool\plugins\org.eclipse.justj.openjdk.hotspot.jre.full.win32.x86_64_17.0.8.v20230831-1047\jre\bin\awt.dll

Deoptimization events (0 events):
No events

Classes unloaded (0 events):
No events

Classes redefined (0 events):
No events

Internal exceptions (7 events):
Event: 0.097 Thread 0x000001839760af60 Exception <a 'java/lang/ClassNotFoundException'{0x00000000918746e8}: sun/awt/resources/spi/awtProvider> (0x00000000918746e8) 
thrown [s\src\hotspot\share\classfile\systemDictionary.cpp, line 256]
Event: 0.115 Thread 0x000001839760af60 Exception <a 'java/io/FileNotFoundException'{0x00000000918ce450}> (0x00000000918ce450) 
thrown [s\src\hotspot\share\prims\jni.cpp, line 516]
Event: 0.119 Thread 0x000001839760af60 Exception <a 'java/io/FileNotFoundException'{0x00000000918fb5d8}> (0x00000000918fb5d8) 
thrown [s\src\hotspot\share\prims\jni.cpp, line 516]
Event: 0.148 Thread 0x000001839760af60 Exception <a 'java/lang/NoSuchMethodError'{0x000000009174c7b0}: 'java.lang.Object java.lang.invoke.DirectMethodHandle$Holder.invokeStaticInit(java.lang.Object)'> (0x000000009174c7b0) 
thrown [s\src\hotspot\share\interpreter\linkResolver.cpp, line 759]
Event: 0.188 Thread 0x000001839760af60 Exception <a 'java/lang/NoSuchMethodError'{0x000000009160c9c0}: 'void java.lang.invoke.DirectMethodHandle$Holder.invokeSpecial(java.lang.Object, java.lang.Object, java.lang.Object)'> (0x000000009160c9c0) 
thrown [s\src\hotspot\share\interpreter\linkResolver.cpp, line 759]
Event: 0.193 Thread 0x000001839760af60 Exception <a 'java/lang/NoSuchMethodError'{0x0000000091636c48}: 'java.lang.Object java.lang.invoke.DirectMethodHandle$Holder.newInvokeSpecial(java.lang.Object, java.lang.Object, java.lang.Object, java.lang.Object, java.lang.Object)'> (0x0000000091636c48) 
thrown [s\src\hotspot\share\interpreter\linkResolver.cpp, line 759]
Event: 0.194 Thread 0x000001839760af60 Exception <a 'java/lang/NoSuchMethodError'{0x0000000091642678}: 'java.lang.Object java.lang.invoke.DirectMethodHandle$Holder.invokeStatic(java.lang.Object, int, java.lang.Object, java.lang.Object, java.lang.Object, java.lang.Object)'> (0x0000000091642678) 
thrown [s\src\hotspot\share\interpreter\linkResolver.cpp, line 759]

VM Operations (0 events):
No events

Events (20 events):
Event: 0.190 loading class javax/swing/plaf/FontUIResource
Event: 0.190 loading class javax/swing/plaf/FontUIResource done
Event: 0.190 loading class javax/swing/UIDefaults$LazyValue
Event: 0.190 loading class javax/swing/UIDefaults$LazyValue done
Event: 0.191 loading class javax/swing/UIDefaults$ActiveValue
Event: 0.191 loading class javax/swing/UIDefaults$ActiveValue done
Event: 0.191 loading class javax/swing/plaf/InsetsUIResource
Event: 0.191 loading class javax/swing/plaf/InsetsUIResource done
Event: 0.192 loading class javax/swing/plaf/BorderUIResource$EmptyBorderUIResource
Event: 0.192 loading class javax/swing/border/EmptyBorder
Event: 0.192 loading class javax/swing/border/AbstractBorder
Event: 0.192 loading class javax/swing/border/Border
Event: 0.192 loading class javax/swing/border/Border done
Event: 0.192 loading class javax/swing/border/AbstractBorder done
Event: 0.192 loading class javax/swing/border/EmptyBorder done
Event: 0.192 loading class javax/swing/plaf/BorderUIResource$EmptyBorderUIResource done
Event: 0.195 loading class javax/swing/plaf/basic/BasicLookAndFeel$2
Event: 0.195 loading class javax/swing/plaf/basic/BasicLookAndFeel$2 done
Event: 0.196 loading class javax/swing/plaf/DimensionUIResource
Event: 0.196 loading class javax/swing/plaf/DimensionUIResource done


Dynamic libraries:
0x00007ff6ea290000 - 0x00007ff6ea29e000 	C:\Users\VIKAS\.p2\pool\plugins\org.eclipse.justj.openjdk.hotspot.jre.full.win32.x86_64_17.0.8.v20230831-1047\jre\bin\javaw.exe
0x00007ffd3d0d0000 - 0x00007ffd3d2e7000 	C:\Windows\SYSTEM32\ntdll.dll
0x00007ffd3b9c0000 - 0x00007ffd3ba84000 	C:\Windows\System32\KERNEL32.DLL
0x00007ffd3a440000 - 0x00007ffd3a7e6000 	C:\Windows\System32\KERNELBASE.dll
0x00007ffd3a9c0000 - 0x00007ffd3aad1000 	C:\Windows\System32\ucrtbase.dll
0x00007ffd2b8c0000 - 0x00007ffd2b8d9000 	C:\Users\VIKAS\.p2\pool\plugins\org.eclipse.justj.openjdk.hotspot.jre.full.win32.x86_64_17.0.8.v20230831-1047\jre\bin\VCRUNTIME140.dll
0x00007ffd32740000 - 0x00007ffd32757000 	C:\Users\VIKAS\.p2\pool\plugins\org.eclipse.justj.openjdk.hotspot.jre.full.win32.x86_64_17.0.8.v20230831-1047\jre\bin\jli.dll
0x00007ffd3c7f0000 - 0x00007ffd3c99e000 	C:\Windows\System32\USER32.dll
0x00007ffd28ad0000 - 0x00007ffd28d63000 	C:\Windows\WinSxS\amd64_microsoft.windows.common-controls_6595b64144ccf1df_6.0.22621.2506_none_270c5ae97388e100\COMCTL32.dll
0x00007ffd3a410000 - 0x00007ffd3a436000 	C:\Windows\System32\win32u.dll
0x00007ffd3b3d0000 - 0x00007ffd3b477000 	C:\Windows\System32\msvcrt.dll
0x00007ffd3b910000 - 0x00007ffd3b939000 	C:\Windows\System32\GDI32.dll
0x00007ffd3aae0000 - 0x00007ffd3abf8000 	C:\Windows\System32\gdi32full.dll
0x00007ffd3a7f0000 - 0x00007ffd3a88a000 	C:\Windows\System32\msvcp_win.dll
0x00007ffd3c3f0000 - 0x00007ffd3c421000 	C:\Windows\System32\IMM32.DLL
0x00007ffd360a0000 - 0x00007ffd360ac000 	C:\Users\VIKAS\.p2\pool\plugins\org.eclipse.justj.openjdk.hotspot.jre.full.win32.x86_64_17.0.8.v20230831-1047\jre\bin\vcruntime140_1.dll
0x00007ffd2b4a0000 - 0x00007ffd2b531000 	C:\Users\VIKAS\.p2\pool\plugins\org.eclipse.justj.openjdk.hotspot.jre.full.win32.x86_64_17.0.8.v20230831-1047\jre\bin\msvcp140.dll
0x00007ffd04010000 - 0x00007ffd04c5c000 	C:\Users\VIKAS\.p2\pool\plugins\org.eclipse.justj.openjdk.hotspot.jre.full.win32.x86_64_17.0.8.v20230831-1047\jre\bin\server\jvm.dll
0x00007ffd3b630000 - 0x00007ffd3b6e3000 	C:\Windows\System32\ADVAPI32.dll
0x00007ffd3b700000 - 0x00007ffd3b7a8000 	C:\Windows\System32\sechost.dll
0x00007ffd3adf0000 - 0x00007ffd3ae18000 	C:\Windows\System32\bcrypt.dll
0x00007ffd3c430000 - 0x00007ffd3c547000 	C:\Windows\System32\RPCRT4.dll
0x00007ffd392a0000 - 0x00007ffd392ed000 	C:\Windows\SYSTEM32\POWRPROF.dll
0x00007ffd35fe0000 - 0x00007ffd35fe9000 	C:\Windows\SYSTEM32\WSOCK32.dll
0x00007ffd326e0000 - 0x00007ffd32714000 	C:\Windows\SYSTEM32\WINMM.dll
0x00007ffd3d010000 - 0x00007ffd3d081000 	C:\Windows\System32\WS2_32.dll
0x00007ffd2f290000 - 0x00007ffd2f29a000 	C:\Windows\SYSTEM32\VERSION.dll
0x00007ffd39280000 - 0x00007ffd39293000 	C:\Windows\SYSTEM32\UMPDC.dll
0x00007ffd39540000 - 0x00007ffd39558000 	C:\Windows\SYSTEM32\kernel.appcore.dll
0x00007ffd35fd0000 - 0x00007ffd35fda000 	C:\Users\VIKAS\.p2\pool\plugins\org.eclipse.justj.openjdk.hotspot.jre.full.win32.x86_64_17.0.8.v20230831-1047\jre\bin\jimage.dll
0x00007ffd37aa0000 - 0x00007ffd37cd3000 	C:\Windows\SYSTEM32\DBGHELP.DLL
0x00007ffd3afe0000 - 0x00007ffd3b369000 	C:\Windows\System32\combase.dll
0x00007ffd3c6b0000 - 0x00007ffd3c787000 	C:\Windows\System32\OLEAUT32.dll
0x00007ffd22a50000 - 0x00007ffd22a82000 	C:\Windows\SYSTEM32\dbgcore.DLL
0x00007ffd3ac00000 - 0x00007ffd3ac7a000 	C:\Windows\System32\bcryptPrimitives.dll
0x00007ffd2ba80000 - 0x00007ffd2baa5000 	C:\Users\VIKAS\.p2\pool\plugins\org.eclipse.justj.openjdk.hotspot.jre.full.win32.x86_64_17.0.8.v20230831-1047\jre\bin\java.dll
0x00007ffd2ba60000 - 0x00007ffd2ba78000 	C:\Users\VIKAS\.p2\pool\plugins\org.eclipse.justj.openjdk.hotspot.jre.full.win32.x86_64_17.0.8.v20230831-1047\jre\bin\zip.dll
0x00007ffd3bac0000 - 0x00007ffd3c31b000 	C:\Windows\System32\SHELL32.dll
0x00007ffd38380000 - 0x00007ffd38c76000 	C:\Windows\SYSTEM32\windows.storage.dll
0x00007ffd38240000 - 0x00007ffd3837e000 	C:\Windows\SYSTEM32\wintypes.dll
0x00007ffd3b7b0000 - 0x00007ffd3b8a3000 	C:\Windows\System32\SHCORE.dll
0x00007ffd3b370000 - 0x00007ffd3b3ce000 	C:\Windows\System32\shlwapi.dll
0x00007ffd3a340000 - 0x00007ffd3a366000 	C:\Windows\SYSTEM32\profapi.dll
0x00007ffd2ba40000 - 0x00007ffd2ba59000 	C:\Users\VIKAS\.p2\pool\plugins\org.eclipse.justj.openjdk.hotspot.jre.full.win32.x86_64_17.0.8.v20230831-1047\jre\bin\net.dll
0x00007ffd34030000 - 0x00007ffd34167000 	C:\Windows\SYSTEM32\WINHTTP.dll
0x00007ffd399c0000 - 0x00007ffd39a29000 	C:\Windows\system32\mswsock.dll
0x00007ffd2b930000 - 0x00007ffd2b945000 	C:\Users\VIKAS\.p2\pool\plugins\org.eclipse.justj.openjdk.hotspot.jre.full.win32.x86_64_17.0.8.v20230831-1047\jre\bin\nio.dll
0x00007ffd1b220000 - 0x00007ffd1b3ae000 	C:\Users\VIKAS\.p2\pool\plugins\org.eclipse.justj.openjdk.hotspot.jre.full.win32.x86_64_17.0.8.v20230831-1047\jre\bin\awt.dll
0x00007ffd36310000 - 0x00007ffd363a7000 	C:\Windows\SYSTEM32\apphelp.dll
0x00007ffd37480000 - 0x00007ffd374ab000 	C:\Windows\system32\DWMAPI.DLL
0x00007ffd37200000 - 0x00007ffd372ab000 	C:\Windows\system32\uxtheme.dll
0x00007ffd0c940000 - 0x00007ffd0ca40000 	C:\Windows\system32\opengl32.dll
0x00007ffd0d8a0000 - 0x00007ffd0d8cd000 	C:\Windows\SYSTEM32\GLU32.dll
0x00007ffd374f0000 - 0x00007ffd37529000 	C:\Windows\SYSTEM32\dxcore.dll
0x00007ffd3c550000 - 0x00007ffd3c6a1000 	C:\Windows\System32\MSCTF.dll
0x00007ffd3c9a0000 - 0x00007ffd3cb40000 	C:\Windows\System32\ole32.dll
0x00007ffcfbf20000 - 0x00007ffcfc0c9000 	C:\Windows\system32\d3d9.dll
0x00007ffd2f2a0000 - 0x00007ffd2f45b000 	C:\Windows\System32\DriverStore\FileRepository\u0383983.inf_amd64_91d5797255733f56\B383752\aticfx64.dll
0x00007ffd02430000 - 0x00007ffd02464000 	C:\Windows\System32\DriverStore\FileRepository\u0383983.inf_amd64_91d5797255733f56\B383752\atiu9p64.dll
0x00007ffcfb1c0000 - 0x00007ffcfbf15000 	C:\Windows\System32\DriverStore\FileRepository\u0383983.inf_amd64_91d5797255733f56\B383752\atiumd64.dll
0x00007ffd2d2d0000 - 0x00007ffd2d305000 	C:\Windows\SYSTEM32\amdihk64.dll
0x00007ffd32460000 - 0x00007ffd324aa000 	C:\Windows\SYSTEM32\directxdatabasehelper.dll

dbghelp: loaded successfully - version: 4.0.5 - missing functions: none
symbol engine: initialized successfully - sym options: 0x614 - pdb path: .;C:\Users\VIKAS\.p2\pool\plugins\org.eclipse.justj.openjdk.hotspot.jre.full.win32.x86_64_17.0.8.v20230831-1047\jre\bin;C:\Windows\SYSTEM32;C:\Windows\WinSxS\amd64_microsoft.windows.common-controls_6595b64144ccf1df_6.0.22621.2506_none_270c5ae97388e100;C:\Users\VIKAS\.p2\pool\plugins\org.eclipse.justj.openjdk.hotspot.jre.full.win32.x86_64_17.0.8.v20230831-1047\jre\bin\server;C:\Windows\System32\DriverStore\FileRepository\u0383983.inf_amd64_91d5797255733f56\B383752

VM Arguments:
jvm_args: -Dfile.encoding=UTF-8 -Dstdout.encoding=UTF-8 -Dstderr.encoding=UTF-8 -XX:+ShowCodeDetailsInExceptionMessages 
java_command: bank.management.system.Deposit
java_class_path (initial): C:\Users\VIKAS\OneDrive\Desktop\Bank Simulator System Workspace\BankSimulatorSystem\bin;C:\Users\VIKAS\Downloads\jcalendar-tz-1.3.3-4.jar;C:\Users\VIKAS\Downloads\mysql-connector-java-8.0.28.jar
Launcher Type: SUN_STANDARD

[Global flags]
     intx CICompilerCount                          = 4                                         {product} {ergonomic}
     uint ConcGCThreads                            = 3                                         {product} {ergonomic}
     uint G1ConcRefinementThreads                  = 10                                        {product} {ergonomic}
   size_t G1HeapRegionSize                         = 1048576                                   {product} {ergonomic}
    uintx GCDrainStackTargetSize                   = 64                                        {product} {ergonomic}
   size_t InitialHeapSize                          = 123731968                                 {product} {ergonomic}
   size_t MarkStackSize                            = 4194304                                   {product} {ergonomic}
   size_t MaxHeapSize                              = 1975517184                                {product} {ergonomic}
   size_t MaxNewSize                               = 1184890880                                {product} {ergonomic}
   size_t MinHeapDeltaBytes                        = 1048576                                   {product} {ergonomic}
   size_t MinHeapSize                              = 8388608                                   {product} {ergonomic}
    uintx NonNMethodCodeHeapSize                   = 5839372                                {pd product} {ergonomic}
    uintx NonProfiledCodeHeapSize                  = 122909434                              {pd product} {ergonomic}
    uintx ProfiledCodeHeapSize                     = 122909434                              {pd product} {ergonomic}
    uintx ReservedCodeCacheSize                    = 251658240                              {pd product} {ergonomic}
     bool SegmentedCodeCache                       = true                                      {product} {ergonomic}
     bool ShowCodeDetailsInExceptionMessages       = true                                   {manageable} {command line}
   size_t SoftMaxHeapSize                          = 1975517184                             {manageable} {ergonomic}
     bool UseCompressedClassPointers               = true                           {product lp64_product} {ergonomic}
     bool UseCompressedOops                        = true                           {product lp64_product} {ergonomic}
     bool UseG1GC                                  = true                                      {product} {ergonomic}
     bool UseLargePagesIndividualAllocation        = false                                  {pd product} {ergonomic}

Logging:
Log output configuration:
 #0: stdout all=warning uptime,level,tags
 #1: stderr all=off uptime,level,tags

Environment Variables:
PATH=C:/Users/VIKAS/.p2/pool/plugins/org.eclipse.justj.openjdk.hotspot.jre.full.win32.x86_64_17.0.8.v20230831-1047/jre/bin/server;C:/Users/VIKAS/.p2/pool/plugins/org.eclipse.justj.openjdk.hotspot.jre.full.win32.x86_64_17.0.8.v20230831-1047/jre/bin;C:\Program Files\Common Files\Oracle\Java\javapath;C:\Program Files (x86)\Common Files\Oracle\Java\javapath;C:\Windows\system32;C:\Windows;C:\Windows\System32\Wbem;C:\Windows\System32\WindowsPowerShell\v1.0\;C:\Windows\System32\OpenSSH\;C:\Program Files\Java\jdk1.8.0_202\bin;C:\Program Files\Amazon\AWSCLIV2\;C:\Program Files\Git\cmd;C:\Program Files\MySQL\MySQL Shell 8.0\bin\;C:\Users\VIKAS\AppData\Local\Microsoft\WindowsApps;;C:\Program Files\JetBrains\IntelliJ IDEA Community Edition 2023.2.5\bin;;C:\Users\VIKAS\OneDrive\Desktop;
USERNAME=VIKAS
OS=Windows_NT
PROCESSOR_IDENTIFIER=AMD64 Family 25 Model 80 Stepping 0, AuthenticAMD
TMP=C:\Users\VIKAS\AppData\Local\Temp
TEMP=C:\Users\VIKAS\AppData\Local\Temp



---------------  S Y S T E M  ---------------

OS:
 Windows 11 , 64 bit Build 22621 (10.0.22621.3085)
OS uptime: 8 days 4:29 hours

CPU: total 12 (initial active 12) (12 cores per cpu, 2 threads per core) family 25 model 80 stepping 0 microcode 0x0, cx8, cmov, fxsr, ht, mmx, 3dnowpref, sse, sse2, sse3, ssse3, sse4a, sse4.1, sse4.2, popcnt, lzcnt, tsc, tscinvbit, avx, avx2, aes, erms, clmul, bmi1, bmi2, adx, sha, fma, vzeroupper, clflush, clflushopt
Processor Information for all 12 processors :
  Max Mhz: 2000, Current Mhz: 2000, Mhz Limit: 2000

Memory: 4k page, system-wide physical 7532M (671M free)
TotalPageFile size 28417M (AvailPageFile size 0M)
current process WorkingSet (physical memory assigned to process): 49M, peak: 49M
current process commit charge ("private bytes"): 207M, peak: 214M

vm_info: OpenJDK 64-Bit Server VM (17.0.8.1+1) for windows-amd64 JRE (17.0.8.1+1), built on Aug 23 2023 15:29:17 by "admin" with MS VC++ 16.7 (VS2019)

END.
