#
# There is insufficient memory for the Java Runtime Environment to continue.
# Native memory allocation (mmap) failed to map 123731968 bytes for G1 virtual space
# Possible reasons:
#   The system is out of physical RAM or swap space
#   The process is running with CompressedOops enabled, and the Java Heap may be blocking the growth of the native heap
# Possible solutions:
#   Reduce memory load on the system
#   Increase physical memory or swap space
#   Check if swap backing store is full
#   Decrease Java heap size (-Xmx/-Xms)
#   Decrease number of Java threads
#   Decrease Java thread stack sizes (-Xss)
#   Set larger code cache with -XX:ReservedCodeCacheSize=
#   JVM is running with Unscaled Compressed Oops mode in which the Java heap is
#     placed in the first 4GB address space. The Java Heap base address is the
#     maximum limit for the native heap growth. Please use -XX:HeapBaseMinAddress
#     to set the Java Heap base and to place the Java Heap above 4GB virtual address.
# This output file may be truncated or incomplete.
#
#  Out of Memory Error (os_windows.cpp:3617), pid=15316, tid=27808
#
# JRE version:  (17.0.8.1+1) (build )
# Java VM: OpenJDK 64-Bit Server VM (17.0.8.1+1, mixed mode, sharing, tiered, compressed oops, compressed class ptrs, g1 gc, windows-amd64)
# No core dump will be written. Minidumps are not enabled by default on client versions of Windows
#

---------------  S U M M A R Y ------------

Command Line: -Dfile.encoding=UTF-8 -Dstdout.encoding=UTF-8 -Dstderr.encoding=UTF-8 -XX:+ShowCodeDetailsInExceptionMessages bank.management.system.Deposit

Host: AMD Ryzen 5 7530U with Radeon Graphics         , 12 cores, 7G,  Windows 11 , 64 bit Build 22621 (10.0.22621.3085)
Time: Sun Feb 25 15:58:43 2024 India Standard Time elapsed time: 0.008332 seconds (0d 0h 0m 0s)

---------------  T H R E A D  ---------------

Current thread (0x000001af9b7e9710):  JavaThread "Unknown thread" [_thread_in_vm, id=27808, stack(0x00000051a7c00000,0x00000051a7d00000)]

Stack: [0x00000051a7c00000,0x00000051a7d00000]
Native frames: (J=compiled Java code, j=interpreted, Vv=VM code, C=native code)
V  [jvm.dll+0x678b0a]
V  [jvm.dll+0x835e84]
V  [jvm.dll+0x83762e]
V  [jvm.dll+0x837c93]
V  [jvm.dll+0x24746f]
V  [jvm.dll+0x675859]
V  [jvm.dll+0x66a0ea]
V  [jvm.dll+0x306c7b]
V  [jvm.dll+0x30e166]
V  [jvm.dll+0x35dd3e]
V  [jvm.dll+0x35df6f]
V  [jvm.dll+0x2ddb48]
V  [jvm.dll+0x2deab4]
V  [jvm.dll+0x807f31]
V  [jvm.dll+0x36bb21]
V  [jvm.dll+0x7e733c]
V  [jvm.dll+0x3ee4af]
V  [jvm.dll+0x3f00c1]
C  [jli.dll+0x528b]
C  [ucrtbase.dll+0x29363]
C  [KERNEL32.DLL+0x1257d]
C  [ntdll.dll+0x5aa58]


---------------  P R O C E S S  ---------------

Threads class SMR info:
_java_thread_list=0x00007ffd04b2a018, length=0, elements={
}

Java Threads: ( => current thread )

Other Threads:
  0x000001af9b842880 GCTaskThread "GC Thread#0" [stack: 0x00000051a7d00000,0x00000051a7e00000] [id=30684]
  0x000001af9b852af0 ConcurrentGCThread "G1 Main Marker" [stack: 0x00000051a7e00000,0x00000051a7f00000] [id=20956]
  0x000001af9b853500 ConcurrentGCThread "G1 Conc#0" [stack: 0x00000051a7f00000,0x00000051a8000000] [id=25624]

[error occurred during error reporting (printing all threads), id 0xc0000005, EXCEPTION_ACCESS_VIOLATION (0xc0000005) at pc=0x00007ffd042fe587]

VM state: not at safepoint (not fully initialized)

VM Mutex/Monitor currently owned by a thread:  ([mutex/lock_event])
[0x000001af995bd190] Heap_lock - owner thread: 0x000001af9b7e9710

Heap address: 0x000000008a400000, size: 1884 MB, Compressed Oops mode: 32-bit

CDS archive(s) mapped at: [0x0000000000000000-0x0000000000000000-0x0000000000000000), size 0, SharedBaseAddress: 0x0000000800000000, ArchiveRelocationMode: 1.
Narrow klass base: 0x0000000000000000, Narrow klass shift: 0, Narrow klass range: 0x0

GC Precious Log:
<Empty>

Heap:
 garbage-first heap   total 0K, used 0K [0x000000008a400000, 0x0000000100000000)
  region size 1024K, 0 young (0K), 0 survivors (0K)

[error occurred during error reporting (printing heap information), id 0xc0000005, EXCEPTION_ACCESS_VIOLATION (0xc0000005) at pc=0x00007ffd046e2699]

GC Heap History (0 events):
No events

Dll operation events (1 events):
Event: 0.005 Loaded shared library C:\Users\VIKAS\.p2\pool\plugins\org.eclipse.justj.openjdk.hotspot.jre.full.win32.x86_64_17.0.8.v20230831-1047\jre\bin\java.dll

Deoptimization events (0 events):
No events

Classes unloaded (0 events):
No events

Classes redefined (0 events):
No events

Internal exceptions (0 events):
No events

VM Operations (0 events):
No events

Events (0 events):
No events


Dynamic libraries:
0x00007ff6ea290000 - 0x00007ff6ea29e000 	C:\Users\VIKAS\.p2\pool\plugins\org.eclipse.justj.openjdk.hotspot.jre.full.win32.x86_64_17.0.8.v20230831-1047\jre\bin\javaw.exe
0x00007ffd3d0d0000 - 0x00007ffd3d2e7000 	C:\Windows\SYSTEM32\ntdll.dll
0x00007ffd3b9c0000 - 0x00007ffd3ba84000 	C:\Windows\System32\KERNEL32.DLL
0x00007ffd3a440000 - 0x00007ffd3a7e6000 	C:\Windows\System32\KERNELBASE.dll
0x00007ffd3a9c0000 - 0x00007ffd3aad1000 	C:\Windows\System32\ucrtbase.dll
0x00007ffd32740000 - 0x00007ffd32757000 	C:\Users\VIKAS\.p2\pool\plugins\org.eclipse.justj.openjdk.hotspot.jre.full.win32.x86_64_17.0.8.v20230831-1047\jre\bin\jli.dll
0x00007ffd2b8c0000 - 0x00007ffd2b8d9000 	C:\Users\VIKAS\.p2\pool\plugins\org.eclipse.justj.openjdk.hotspot.jre.full.win32.x86_64_17.0.8.v20230831-1047\jre\bin\VCRUNTIME140.dll
0x00007ffd3c7f0000 - 0x00007ffd3c99e000 	C:\Windows\System32\USER32.dll
0x00007ffd28ad0000 - 0x00007ffd28d63000 	C:\Windows\WinSxS\amd64_microsoft.windows.common-controls_6595b64144ccf1df_6.0.22621.2506_none_270c5ae97388e100\COMCTL32.dll
0x00007ffd3a410000 - 0x00007ffd3a436000 	C:\Windows\System32\win32u.dll
0x00007ffd3b3d0000 - 0x00007ffd3b477000 	C:\Windows\System32\msvcrt.dll
0x00007ffd3b910000 - 0x00007ffd3b939000 	C:\Windows\System32\GDI32.dll
0x00007ffd3aae0000 - 0x00007ffd3abf8000 	C:\Windows\System32\gdi32full.dll
0x00007ffd3a7f0000 - 0x00007ffd3a88a000 	C:\Windows\System32\msvcp_win.dll
0x00007ffd3c3f0000 - 0x00007ffd3c421000 	C:\Windows\System32\IMM32.DLL
0x00007ffd360a0000 - 0x00007ffd360ac000 	C:\Users\VIKAS\.p2\pool\plugins\org.eclipse.justj.openjdk.hotspot.jre.full.win32.x86_64_17.0.8.v20230831-1047\jre\bin\vcruntime140_1.dll
0x00007ffd2b4a0000 - 0x00007ffd2b531000 	C:\Users\VIKAS\.p2\pool\plugins\org.eclipse.justj.openjdk.hotspot.jre.full.win32.x86_64_17.0.8.v20230831-1047\jre\bin\msvcp140.dll
0x00007ffd04010000 - 0x00007ffd04c5c000 	C:\Users\VIKAS\.p2\pool\plugins\org.eclipse.justj.openjdk.hotspot.jre.full.win32.x86_64_17.0.8.v20230831-1047\jre\bin\server\jvm.dll
0x00007ffd3b630000 - 0x00007ffd3b6e3000 	C:\Windows\System32\ADVAPI32.dll
0x00007ffd3b700000 - 0x00007ffd3b7a8000 	C:\Windows\System32\sechost.dll
0x00007ffd3adf0000 - 0x00007ffd3ae18000 	C:\Windows\System32\bcrypt.dll
0x00007ffd3c430000 - 0x00007ffd3c547000 	C:\Windows\System32\RPCRT4.dll
0x00007ffd326e0000 - 0x00007ffd32714000 	C:\Windows\SYSTEM32\WINMM.dll
0x00007ffd35fe0000 - 0x00007ffd35fe9000 	C:\Windows\SYSTEM32\WSOCK32.dll
0x00007ffd392a0000 - 0x00007ffd392ed000 	C:\Windows\SYSTEM32\POWRPROF.dll
0x00007ffd3d010000 - 0x00007ffd3d081000 	C:\Windows\System32\WS2_32.dll
0x00007ffd2f290000 - 0x00007ffd2f29a000 	C:\Windows\SYSTEM32\VERSION.dll
0x00007ffd39280000 - 0x00007ffd39293000 	C:\Windows\SYSTEM32\UMPDC.dll
0x00007ffd39540000 - 0x00007ffd39558000 	C:\Windows\SYSTEM32\kernel.appcore.dll
0x00007ffd35fd0000 - 0x00007ffd35fda000 	C:\Users\VIKAS\.p2\pool\plugins\org.eclipse.justj.openjdk.hotspot.jre.full.win32.x86_64_17.0.8.v20230831-1047\jre\bin\jimage.dll
0x00007ffd37aa0000 - 0x00007ffd37cd3000 	C:\Windows\SYSTEM32\DBGHELP.DLL
0x00007ffd3afe0000 - 0x00007ffd3b369000 	C:\Windows\System32\combase.dll
0x00007ffd3c6b0000 - 0x00007ffd3c787000 	C:\Windows\System32\OLEAUT32.dll
0x00007ffd22a50000 - 0x00007ffd22a82000 	C:\Windows\SYSTEM32\dbgcore.DLL
0x00007ffd3ac00000 - 0x00007ffd3ac7a000 	C:\Windows\System32\bcryptPrimitives.dll
0x00007ffd2ba80000 - 0x00007ffd2baa5000 	C:\Users\VIKAS\.p2\pool\plugins\org.eclipse.justj.openjdk.hotspot.jre.full.win32.x86_64_17.0.8.v20230831-1047\jre\bin\java.dll

dbghelp: loaded successfully - version: 4.0.5 - missing functions: none
symbol engine: initialized successfully - sym options: 0x614 - pdb path: .;C:\Users\VIKAS\.p2\pool\plugins\org.eclipse.justj.openjdk.hotspot.jre.full.win32.x86_64_17.0.8.v20230831-1047\jre\bin;C:\Windows\SYSTEM32;C:\Windows\WinSxS\amd64_microsoft.windows.common-controls_6595b64144ccf1df_6.0.22621.2506_none_270c5ae97388e100;C:\Users\VIKAS\.p2\pool\plugins\org.eclipse.justj.openjdk.hotspot.jre.full.win32.x86_64_17.0.8.v20230831-1047\jre\bin\server

VM Arguments:
jvm_args: -Dfile.encoding=UTF-8 -Dstdout.encoding=UTF-8 -Dstderr.encoding=UTF-8 -XX:+ShowCodeDetailsInExceptionMessages 
java_command: bank.management.system.Deposit
java_class_path (initial): C:\Users\VIKAS\OneDrive\Desktop\Bank Simulator System Workspace\BankSimulatorSystem\bin;C:\Users\VIKAS\Downloads\jcalendar-tz-1.3.3-4.jar;C:\Users\VIKAS\Downloads\mysql-connector-java-8.0.28.jar
Launcher Type: SUN_STANDARD

[Global flags]
     intx CICompilerCount                          = 4                                         {product} {ergonomic}
     uint ConcGCThreads                            = 3                                         {product} {ergonomic}
     uint G1ConcRefinementThreads                  = 10                                        {product} {ergonomic}
   size_t G1HeapRegionSize                         = 1048576                                   {product} {ergonomic}
    uintx GCDrainStackTargetSize                   = 64                                        {product} {ergonomic}
   size_t InitialHeapSize                          = 123731968                                 {product} {ergonomic}
   size_t MarkStackSize                            = 4194304                                   {product} {ergonomic}
   size_t MaxHeapSize                              = 1975517184                                {product} {ergonomic}
   size_t MinHeapDeltaBytes                        = 1048576                                   {product} {ergonomic}
   size_t MinHeapSize                              = 8388608                                   {product} {ergonomic}
    uintx NonNMethodCodeHeapSize                   = 5839372                                {pd product} {ergonomic}
    uintx NonProfiledCodeHeapSize                  = 122909434                              {pd product} {ergonomic}
    uintx ProfiledCodeHeapSize                     = 122909434                              {pd product} {ergonomic}
    uintx ReservedCodeCacheSize                    = 251658240                              {pd product} {ergonomic}
     bool SegmentedCodeCache                       = true                                      {product} {ergonomic}
     bool ShowCodeDetailsInExceptionMessages       = true                                   {manageable} {command line}
   size_t SoftMaxHeapSize                          = 1975517184                             {manageable} {ergonomic}
     bool UseCompressedClassPointers               = true                           {product lp64_product} {ergonomic}
     bool UseCompressedOops                        = true                           {product lp64_product} {ergonomic}
     bool UseG1GC                                  = true                                      {product} {ergonomic}
     bool UseLargePagesIndividualAllocation        = false                                  {pd product} {ergonomic}

Logging:
Log output configuration:
 #0: stdout all=warning uptime,level,tags
 #1: stderr all=off uptime,level,tags

Environment Variables:
PATH=C:/Users/VIKAS/.p2/pool/plugins/org.eclipse.justj.openjdk.hotspot.jre.full.win32.x86_64_17.0.8.v20230831-1047/jre/bin/server;C:/Users/VIKAS/.p2/pool/plugins/org.eclipse.justj.openjdk.hotspot.jre.full.win32.x86_64_17.0.8.v20230831-1047/jre/bin;C:\Program Files\Common Files\Oracle\Java\javapath;C:\Program Files (x86)\Common Files\Oracle\Java\javapath;C:\Windows\system32;C:\Windows;C:\Windows\System32\Wbem;C:\Windows\System32\WindowsPowerShell\v1.0\;C:\Windows\System32\OpenSSH\;C:\Program Files\Java\jdk1.8.0_202\bin;C:\Program Files\Amazon\AWSCLIV2\;C:\Program Files\Git\cmd;C:\Program Files\MySQL\MySQL Shell 8.0\bin\;C:\Users\VIKAS\AppData\Local\Microsoft\WindowsApps;;C:\Program Files\JetBrains\IntelliJ IDEA Community Edition 2023.2.5\bin;;C:\Users\VIKAS\OneDrive\Desktop;
USERNAME=VIKAS
OS=Windows_NT
PROCESSOR_IDENTIFIER=AMD64 Family 25 Model 80 Stepping 0, AuthenticAMD
TMP=C:\Users\VIKAS\AppData\Local\Temp
TEMP=C:\Users\VIKAS\AppData\Local\Temp



---------------  S Y S T E M  ---------------

OS:
 Windows 11 , 64 bit Build 22621 (10.0.22621.3085)
OS uptime: 8 days 4:28 hours

CPU: total 12 (initial active 12) (12 cores per cpu, 2 threads per core) family 25 model 80 stepping 0 microcode 0x0, cx8, cmov, fxsr, ht, mmx, 3dnowpref, sse, sse2, sse3, ssse3, sse4a, sse4.1, sse4.2, popcnt, lzcnt, tsc, tscinvbit, avx, avx2, aes, erms, clmul, bmi1, bmi2, adx, sha, fma, vzeroupper, clflush, clflushopt
Processor Information for all 12 processors :
  Max Mhz: 2000, Current Mhz: 2000, Mhz Limit: 2000

Memory: 4k page, system-wide physical 7532M (655M free)
TotalPageFile size 28407M (AvailPageFile size 80M)
current process WorkingSet (physical memory assigned to process): 11M, peak: 11M
current process commit charge ("private bytes"): 64M, peak: 182M

vm_info: OpenJDK 64-Bit Server VM (17.0.8.1+1) for windows-amd64 JRE (17.0.8.1+1), built on Aug 23 2023 15:29:17 by "admin" with MS VC++ 16.7 (VS2019)

END.
